Fri Apr 11 12:23:46 UTC 2025
Sat Apr 12 12:16:37 UTC 2025
Sun Apr 13 12:17:30 UTC 2025
Mon Apr 14 12:19:35 UTC 2025
Tue Apr 15 12:19:35 UTC 2025
Wed Apr 16 12:19:46 UTC 2025
Thu Apr 17 12:19:17 UTC 2025
Fri Apr 18 12:18:45 UTC 2025
Sat Apr 19 12:16:36 UTC 2025
Sun Apr 20 12:17:12 UTC 2025
Mon Apr 21 12:19:30 UTC 2025
Tue Apr 22 12:19:22 UTC 2025
Wed Apr 23 12:19:39 UTC 2025
Thu Apr 24 12:19:56 UTC 2025
Fri Apr 25 12:19:23 UTC 2025
Sat Apr 26 12:17:21 UTC 2025
Sun Apr 27 12:17:25 UTC 2025
Mon Apr 28 12:19:48 UTC 2025
Tue Apr 29 12:20:53 UTC 2025
Wed Apr 30 12:19:20 UTC 2025
Thu May  1 12:19:11 UTC 2025
Fri May  2 12:19:35 UTC 2025
Sat May  3 12:17:42 UTC 2025
Sun May  4 12:17:55 UTC 2025
Mon May  5 12:20:00 UTC 2025
Tue May  6 12:21:44 UTC 2025
Wed May  7 12:20:45 UTC 2025
Thu May  8 12:20:04 UTC 2025
Fri May  9 12:19:38 UTC 2025
Sat May 10 12:17:23 UTC 2025
Sun May 11 12:17:46 UTC 2025
Mon May 12 12:20:51 UTC 2025
Tue May 13 12:21:01 UTC 2025
Wed May 14 12:20:10 UTC 2025
Thu May 15 12:20:15 UTC 2025
Fri May 16 12:20:43 UTC 2025
Sat May 17 12:17:50 UTC 2025
